<?xml version="1.0" encoding="UTF-8"?>
<!-- Generated by org.testng.reporters.JUnitReportReporter -->
<testsuite skipped="10" hostname="INBANGNBLENO10" name="com.oatsystems.test.mv.hhmsgs.MF07_SingleMsgScenarioRestartTest" tests="11" failures="0" timestamp="23 Oct 2018 20:35:25 GMT" time="24.376" errors="1">
  <testcase name="test01_ReceivingUntagged" time="0.000" classname="com.oatsystems.test.mv.hhmsgs.MF07_SingleMsgScenarioRestartTest">
    <skipped/>
  </testcase> <!-- test01_ReceivingUntagged -->
  <testcase name="test08_enterSoldItems" time="0.000" classname="com.oatsystems.test.mv.hhmsgs.MF07_SingleMsgScenarioRestartTest">
    <skipped/>
  </testcase> <!-- test08_enterSoldItems -->
  <testcase name="test05_NCCStream" time="0.000" classname="com.oatsystems.test.mv.hhmsgs.MF07_SingleMsgScenarioRestartTest">
    <skipped/>
  </testcase> <!-- test05_NCCStream -->
  <testcase name="test02_ReceivingTagged" time="0.000" classname="com.oatsystems.test.mv.hhmsgs.MF07_SingleMsgScenarioRestartTest">
    <skipped/>
  </testcase> <!-- test02_ReceivingTagged -->
  <testcase name="test10_EncodeItems" time="0.000" classname="com.oatsystems.test.mv.hhmsgs.MF07_SingleMsgScenarioRestartTest">
    <skipped/>
  </testcase> <!-- test10_EncodeItems -->
  <testcase name="test09_Retirement" time="0.000" classname="com.oatsystems.test.mv.hhmsgs.MF07_SingleMsgScenarioRestartTest">
    <skipped/>
  </testcase> <!-- test09_Retirement -->
  <testcase name="setUpBeforeClass" time="24.376" classname="com.oatsystems.test.mv.hhmsgs.MF07_SingleMsgScenarioRestartTest">
    <error type="org.openqa.selenium.NoSuchElementException" message="Unable to locate element: {&quot;method&quot;:&quot;id&quot;,&quot;selector&quot;:&quot;login&quot;}
Command duration or timeout: 53 milliseconds
For documentation on this error, please visit: http://seleniumhq.org/exceptions/no_such_element.html
Build info: version: &#039;2.48.2&#039;, revision: &#039;41bccdd&#039;, time: &#039;2015-10-09 19:59:12&#039;
System info: host: &#039;INBANGNBLENO10&#039;, ip: &#039;172.26.65.49&#039;, os.name: &#039;Windows 7&#039;, os.arch: &#039;amd64&#039;, os.version: &#039;6.1&#039;, java.version: &#039;1.8.0_161&#039;
Driver info: org.openqa.selenium.firefox.FirefoxDriver
Capabilities [{applicationCacheEnabled=true, rotatable=false, handlesAlerts=true, databaseEnabled=true, version=30.0, platform=WINDOWS, browserConnectionEnabled=true, nativeEvents=false, acceptSslCerts=true, webStorageEnabled=true, locationContextEnabled=true, browserName=firefox, takesScreenshot=true, javascriptEnabled=true, cssSelectorsEnabled=true}]
Session ID: 35efde49-3506-422e-a0f5-2b961848f773
*** Element info: {Using=id, value=login}">
      <![CDATA[org.openqa.selenium.NoSuchElementException: Unable to locate element: {"method":"id","selector":"login"}
Command duration or timeout: 53 milliseconds
For documentation on this error, please visit: http://seleniumhq.org/exceptions/no_such_element.html
Build info: version: '2.48.2', revision: '41bccdd', time: '2015-10-09 19:59:12'
System info: host: 'INBANGNBLENO10', ip: '172.26.65.49', os.name: 'Windows 7', os.arch: 'amd64', os.version: '6.1', java.version: '1.8.0_161'
Driver info: org.openqa.selenium.firefox.FirefoxDriver
Capabilities [{applicationCacheEnabled=true, rotatable=false, handlesAlerts=true, databaseEnabled=true, version=30.0, platform=WINDOWS, browserConnectionEnabled=true, nativeEvents=false, acceptSslCerts=true, webStorageEnabled=true, locationContextEnabled=true, browserName=firefox, takesScreenshot=true, javascriptEnabled=true, cssSelectorsEnabled=true}]
Session ID: 35efde49-3506-422e-a0f5-2b961848f773
*** Element info: {Using=id, value=login}
at sun.reflect.NativeConstructorAccessorImpl.newInstance0(Native Method)
at sun.reflect.NativeConstructorAccessorImpl.newInstance(Unknown Source)
at sun.reflect.DelegatingConstructorAccessorImpl.newInstance(Unknown Source)
at java.lang.reflect.Constructor.newInstance(Unknown Source)
at org.openqa.selenium.remote.ErrorHandler.createThrowable(ErrorHandler.java:206)
at org.openqa.selenium.remote.ErrorHandler.throwIfResponseFailed(ErrorHandler.java:158)
at org.openqa.selenium.remote.RemoteWebDriver.execute(RemoteWebDriver.java:647)
at org.openqa.selenium.remote.RemoteWebDriver.findElement(RemoteWebDriver.java:353)
at org.openqa.selenium.remote.RemoteWebDriver.findElementById(RemoteWebDriver.java:403)
at org.openqa.selenium.By$ById.findElement(By.java:218)
at org.openqa.selenium.remote.RemoteWebDriver.findElement(RemoteWebDriver.java:345)
at com.oatsystems.test.mv.selenium.ScenarioJobs.loadLoginPage(ScenarioJobs.java:37)
at com.oatsystems.test.mv.selenium.ScenarioRestartHelper.initialize(ScenarioRestartHelper.java:27)
at com.oatsystems.test.mv.hhmsgs.MVHHMsgCommon.setScenarioRestartHelper(MVHHMsgCommon.java:111)
at com.oatsystems.test.mv.hhmsgs.MF07_SingleMsgScenarioRestartTest.setUpBeforeClass(MF07_SingleMsgScenarioRestartTest.java:16)
at sun.reflect.NativeMethodAccessorImpl.invoke0(Native Method)
at sun.reflect.NativeMethodAccessorImpl.invoke(Unknown Source)
at sun.reflect.DelegatingMethodAccessorImpl.invoke(Unknown Source)
at java.lang.reflect.Method.invoke(Unknown Source)
at org.testng.internal.MethodInvocationHelper.invokeMethod(MethodInvocationHelper.java:124)
at org.testng.internal.MethodInvocationHelper.invokeMethodConsideringTimeout(MethodInvocationHelper.java:59)
at org.testng.internal.Invoker.invokeConfigurationMethod(Invoker.java:458)
at org.testng.internal.Invoker.invokeConfigurations(Invoker.java:222)
at org.testng.internal.Invoker.invokeConfigurations(Invoker.java:142)
at org.testng.internal.TestMethodWorker.invokeBeforeClassMethods(TestMethodWorker.java:168)
at org.testng.internal.TestMethodWorker.run(TestMethodWorker.java:105)
at org.testng.TestRunner.privateRun(TestRunner.java:648)
at org.testng.TestRunner.run(TestRunner.java:505)
at org.testng.SuiteRunner.runTest(SuiteRunner.java:455)
at org.testng.SuiteRunner.runSequentially(SuiteRunner.java:450)
at org.testng.SuiteRunner.privateRun(SuiteRunner.java:415)
at org.testng.SuiteRunner.run(SuiteRunner.java:364)
at org.testng.SuiteRunnerWorker.runSuite(SuiteRunnerWorker.java:52)
at org.testng.SuiteRunnerWorker.run(SuiteRunnerWorker.java:84)
at org.testng.TestNG.runSuitesSequentially(TestNG.java:1208)
at org.testng.TestNG.runSuitesLocally(TestNG.java:1137)
at org.testng.TestNG.runSuites(TestNG.java:1049)
at org.testng.TestNG.run(TestNG.java:1017)
at org.testng.remote.AbstractRemoteTestNG.run(AbstractRemoteTestNG.java:114)
at org.testng.remote.RemoteTestNG.initAndRun(RemoteTestNG.java:251)
at org.testng.remote.RemoteTestNG.main(RemoteTestNG.java:77)
Caused by: org.openqa.selenium.NoSuchElementException: Unable to locate element: {"method":"id","selector":"login"}
For documentation on this error, please visit: http://seleniumhq.org/exceptions/no_such_element.html
Build info: version: '2.48.2', revision: '41bccdd', time: '2015-10-09 19:59:12'
System info: host: 'INBANGNBLENO10', ip: '172.26.65.49', os.name: 'Windows 7', os.arch: 'amd64', os.version: '6.1', java.version: '1.8.0_161'
Driver info: driver.version: unknown
at <anonymous class>.FirefoxDriver.prototype.findElementInternal_(file:///C:/Users/dubeyj/AppData/Local/Temp/anonymous6103242078781703247webdriver-profile/extensions/fxdriver@googlecode.com/components/driver-component.js:10659)
at <anonymous class>.FirefoxDriver.prototype.findElement(file:///C:/Users/dubeyj/AppData/Local/Temp/anonymous6103242078781703247webdriver-profile/extensions/fxdriver@googlecode.com/components/driver-component.js:10668)
at <anonymous class>.DelayedCommand.prototype.executeInternal_/h(file:///C:/Users/dubeyj/AppData/Local/Temp/anonymous6103242078781703247webdriver-profile/extensions/fxdriver@googlecode.com/components/command-processor.js:12534)
at <anonymous class>.DelayedCommand.prototype.executeInternal_(file:///C:/Users/dubeyj/AppData/Local/Temp/anonymous6103242078781703247webdriver-profile/extensions/fxdriver@googlecode.com/components/command-processor.js:12539)
at <anonymous class>.DelayedCommand.prototype.execute/<(file:///C:/Users/dubeyj/AppData/Local/Temp/anonymous6103242078781703247webdriver-profile/extensions/fxdriver@googlecode.com/components/command-processor.js:12481)
]]>
    </error>
  </testcase> <!-- setUpBeforeClass -->
  <testcase name="test03_PutAway" time="0.000" classname="com.oatsystems.test.mv.hhmsgs.MF07_SingleMsgScenarioRestartTest">
    <skipped/>
  </testcase> <!-- test03_PutAway -->
  <testcase name="test07_FCCStream" time="0.000" classname="com.oatsystems.test.mv.hhmsgs.MF07_SingleMsgScenarioRestartTest">
    <skipped/>
  </testcase> <!-- test07_FCCStream -->
  <testcase name="test06_FCCNonStream" time="0.000" classname="com.oatsystems.test.mv.hhmsgs.MF07_SingleMsgScenarioRestartTest">
    <skipped/>
  </testcase> <!-- test06_FCCNonStream -->
  <testcase name="test04_NCCNonStream" time="0.000" classname="com.oatsystems.test.mv.hhmsgs.MF07_SingleMsgScenarioRestartTest">
    <skipped/>
  </testcase> <!-- test04_NCCNonStream -->
</testsuite> <!-- com.oatsystems.test.mv.hhmsgs.MF07_SingleMsgScenarioRestartTest -->
